Madagascar
Nicaragua
Sierra_Leone
Tunisia
United_Republic_of_Tanzania
Congo
Palestine
Chad
Jamaica
Cases_on_an_international_conveyance_Japan
Jordan
Nepal
Ethiopia
Georgia
South_Sudan
New_Zealand
Malta
San_Marino
Paraguay
Niger
Burkina_Faso
Kosovo
Maldives
Somalia
Central_African_Republic
Uruguay
Slovenia
Lithuania
Kyrgyzstan
Iceland
Cuba
Gabon
Albania
Latvia
Guinea_Bissau
El_Salvador
Sao_Tome_and_Principe
Mali
North_Macedonia
Croatia
Zambia
Bosnia_and_Herzegovina
Democratic_Republic_of_the_Congo
Tajikistan
Mato_Grosso_do_Sul
Greece
Tocantins
Senegal
Andorra
Lebanon
Cote_dIvoire
Goias
Kenya
Djibouti
Uzbekistan
Piaui
Haiti
Roraima
Hungary
Guatemala
Costa_Rica
Parana
Rondonia
Sergipe
Cyprus
Venezuela
Estonia
Puerto_Rico
Mato_Grosso
Sudan
Honduras
Rio_Grande_do_Norte
Equatorial_Guinea
Sri_Lanka
Acre
Alagoas
Iraq
Rio_Grande_do_Sul
Australia
Amapa
Guinea
Morocco
Bolivia
Serbia
Slovakia
Azerbaijan
Cameroon
Oman
Finland
Moldova
Espirito_Santo
Panama
Bulgaria
Santa_Catarina
Paraiba
Dominican_Republic
Malaysia
Distrito_Federal
Afghanistan
Bahia
Ghana
Algeria
Denmark
Argentina
Nigeria
Japan
Romania
Kuwait
Colombia
South_Africa
Pernambuco
Para
South_Korea
Israel
Egypt
Amazonas
Philippines
Poland
Indonesia
Maranhao
Taiwan
Kazakhstan
Bahrain
United_Arab_Emirates
Armenia
Ecuador
Bangladesh
Rio_de_Janeiro
Ireland
Switzerland
Ceara
Qatar
Portugal
Singapore
Sweden
India
Pakistan
Iran
France
Turkey
Czechia
Netherlands
Saudi_Arabia
Germany
Chile
Italy
Brasil
Brazil
Norway
Belgium
Sao_Paulo
Spain
Luxembourg
Ukraine
Russia
United_States_of_America
Minas_Gerais
Austria
Belarus
Canada
Thailand
Mexico
Peru
United_Kingdom
China
